{"/Users/huangchao/Work/GitHub/file-opt/src/index.ts": {"path":"/Users/huangchao/Work/GitHub/file-opt/src/index.ts","statementMap":{"0":{"start":{"line":12,"column":0},"end":{"line":12,"column":23}},"1":{"start":{"line":15,"column":0},"end":{"line":15,"column":24}},"2":{"start":{"line":18,"column":0},"end":{"line":18,"column":24}},"3":{"start":{"line":21,"column":0},"end":{"line":21,"column":24}}},"fnMap":{},"branchMap":{},"s":{"0":0,"1":0,"2":0,"3":0},"f":{},"b":{}}
,"/Users/huangchao/Work/GitHub/file-opt/src/file/index.ts": {"path":"/Users/huangchao/Work/GitHub/file-opt/src/file/index.ts","statementMap":{"0":{"start":{"line":11,"column":0},"end":{"line":11,"column":22}},"1":{"start":{"line":26,"column":0},"end":{"line":26,"column":16}},"2":{"start":{"line":46,"column":0},"end":{"line":46,"column":16}},"3":{"start":{"line":55,"column":0},"end":{"line":55,"column":16}},"4":{"start":{"line":90,"column":0},"end":{"line":90,"column":16}},"5":{"start":{"line":111,"column":0},"end":{"line":111,"column":16}},"6":{"start":{"line":121,"column":0},"end":{"line":121,"column":16}},"7":{"start":{"line":4,"column":0},"end":{"line":4,"column":100}},"8":{"start":{"line":13,"column":21},"end":{"line":13,"column":null}},"9":{"start":{"line":13,"column":10},"end":{"line":13,"column":null}},"10":{"start":{"line":14,"column":17},"end":{"line":14,"column":null}},"11":{"start":{"line":14,"column":10},"end":{"line":14,"column":null}},"12":{"start":{"line":15,"column":11},"end":{"line":15,"column":36}},"13":{"start":{"line":15,"column":4},"end":{"line":15,"column":36}},"14":{"start":{"line":17,"column":4},"end":{"line":17,"column":95}},"15":{"start":{"line":27,"column":2},"end":{"line":38,"column":5}},"16":{"start":{"line":28,"column":19},"end":{"line":28,"column":35}},"17":{"start":{"line":29,"column":4},"end":{"line":35,"column":6}},"18":{"start":{"line":30,"column":6},"end":{"line":34,"column":7}},"19":{"start":{"line":31,"column":8},"end":{"line":31,"column":31}},"20":{"start":{"line":33,"column":8},"end":{"line":33,"column":47}},"21":{"start":{"line":36,"column":4},"end":{"line":36,"column":62}},"22":{"start":{"line":36,"column":27},"end":{"line":36,"column":62}},"23":{"start":{"line":37,"column":4},"end":{"line":37,"column":31}},"24":{"start":{"line":47,"column":2},"end":{"line":47,"column":28}},"25":{"start":{"line":57,"column":20},"end":{"line":57,"column":46}},"26":{"start":{"line":58,"column":16},"end":{"line":58,"column":22}},"27":{"start":{"line":60,"column":2},"end":{"line":64,"column":3}},"28":{"start":{"line":61,"column":4},"end":{"line":61,"column":64}},"29":{"start":{"line":62,"column":18},"end":{"line":62,"column":35}},"30":{"start":{"line":63,"column":4},"end":{"line":63,"column":23}},"31":{"start":{"line":66,"column":25},"end":{"line":66,"column":38}},"32":{"start":{"line":67,"column":21},"end":{"line":67,"column":23}},"33":{"start":{"line":69,"column":2},"end":{"line":79,"column":3}},"34":{"start":{"line":69,"column":20},"end":{"line":69,"column":21}},"35":{"start":{"line":70,"column":18},"end":{"line":70,"column":60}},"36":{"start":{"line":72,"column":24},"end":{"line":72,"column":47}},"37":{"start":{"line":73,"column":4},"end":{"line":75,"column":5}},"38":{"start":{"line":73,"column":17},"end":{"line":73,"column":18}},"39":{"start":{"line":74,"column":6},"end":{"line":74,"column":43}},"40":{"start":{"line":77,"column":22},"end":{"line":77,"column":49}},"41":{"start":{"line":78,"column":4},"end":{"line":78,"column":31}},"42":{"start":{"line":81,"column":2},"end":{"line":81,"column":53}},"43":{"start":{"line":91,"column":15},"end":{"line":91,"column":35}},"44":{"start":{"line":92,"column":17},"end":{"line":92,"column":56}},"45":{"start":{"line":93,"column":18},"end":{"line":93,"column":52}},"46":{"start":{"line":96,"column":2},"end":{"line":101,"column":3}},"47":{"start":{"line":97,"column":4},"end":{"line":97,"column":49}},"48":{"start":{"line":98,"column":9},"end":{"line":101,"column":3}},"49":{"start":{"line":100,"column":4},"end":{"line":100,"column":42}},"50":{"start":{"line":103,"column":2},"end":{"line":103,"column":56}},"51":{"start":{"line":112,"column":2},"end":{"line":112,"column":47}},"52":{"start":{"line":122,"column":17},"end":{"line":122,"column":56}},"53":{"start":{"line":123,"column":18},"end":{"line":123,"column":52}},"54":{"start":{"line":126,"column":2},"end":{"line":131,"column":3}},"55":{"start":{"line":127,"column":4},"end":{"line":127,"column":49}},"56":{"start":{"line":128,"column":9},"end":{"line":131,"column":3}},"57":{"start":{"line":130,"column":4},"end":{"line":130,"column":42}},"58":{"start":{"line":133,"column":2},"end":{"line":133,"column":56}}},"fnMap":{"0":{"name":"urlToBase64","decl":{"start":{"line":11,"column":22},"end":{"line":11,"column":33}},"loc":{"start":{"line":11,"column":45},"end":{"line":19,"column":null}}},"1":{"name":"blobToBase64","decl":{"start":{"line":26,"column":16},"end":{"line":26,"column":28}},"loc":{"start":{"line":26,"column":39},"end":{"line":39,"column":1}}},"2":{"name":"(anonymous_17)","decl":{"start":{"line":27,"column":21},"end":{"line":27,"column":22}},"loc":{"start":{"line":27,"column":37},"end":{"line":38,"column":3}}},"3":{"name":"(anonymous_18)","decl":{"start":{"line":29,"column":20},"end":{"line":29,"column":null}},"loc":{"start":{"line":29,"column":20},"end":{"line":35,"column":5}}},"4":{"name":"(anonymous_19)","decl":{"start":{"line":36,"column":21},"end":{"line":36,"column":27}},"loc":{"start":{"line":36,"column":21},"end":{"line":36,"column":33}}},"5":{"name":"fileToBase64","decl":{"start":{"line":46,"column":16},"end":{"line":46,"column":28}},"loc":{"start":{"line":46,"column":39},"end":{"line":48,"column":1}}},"6":{"name":"base64ToBlob","decl":{"start":{"line":55,"column":16},"end":{"line":55,"column":28}},"loc":{"start":{"line":55,"column":43},"end":{"line":82,"column":1}}},"7":{"name":"base64ToFile","decl":{"start":{"line":90,"column":16},"end":{"line":90,"column":28}},"loc":{"start":{"line":90,"column":62},"end":{"line":104,"column":1}}},"8":{"name":"fileToBlob","decl":{"start":{"line":111,"column":16},"end":{"line":111,"column":26}},"loc":{"start":{"line":111,"column":37},"end":{"line":113,"column":1}}},"9":{"name":"blobToFile","decl":{"start":{"line":121,"column":16},"end":{"line":121,"column":26}},"loc":{"start":{"line":121,"column":56},"end":{"line":134,"column":1}}}},"branchMap":{"0":{"loc":{"start":{"line":15,"column":4},"end":{"line":15,"column":36}},"type":"switch","locations":[{"start":{"line":15,"column":4},"end":{"line":15,"column":36}}]},"1":{"loc":{"start":{"line":17,"column":37},"end":{"line":17,"column":91}},"type":"cond-expr","locations":[{"start":{"line":17,"column":62},"end":{"line":17,"column":75}},{"start":{"line":17,"column":78},"end":{"line":17,"column":91}}]},"2":{"loc":{"start":{"line":30,"column":6},"end":{"line":34,"column":7}},"type":"if","locations":[{"start":{"line":30,"column":6},"end":{"line":34,"column":7}},{"start":{"line":32,"column":13},"end":{"line":34,"column":7}}]},"3":{"loc":{"start":{"line":60,"column":2},"end":{"line":64,"column":3}},"type":"if","locations":[{"start":{"line":60,"column":2},"end":{"line":64,"column":3}},{"start":{},"end":{}}]},"4":{"loc":{"start":{"line":61,"column":18},"end":{"line":61,"column":63}},"type":"binary-expr","locations":[{"start":{"line":61,"column":18},"end":{"line":61,"column":48}},{"start":{"line":61,"column":52},"end":{"line":61,"column":63}}]},"5":{"loc":{"start":{"line":92,"column":17},"end":{"line":92,"column":56}},"type":"binary-expr","locations":[{"start":{"line":92,"column":17},"end":{"line":92,"column":26}},{"start":{"line":92,"column":30},"end":{"line":92,"column":56}}]},"6":{"loc":{"start":{"line":96,"column":2},"end":{"line":101,"column":3}},"type":"if","locations":[{"start":{"line":96,"column":2},"end":{"line":101,"column":3}},{"start":{"line":98,"column":9},"end":{"line":101,"column":3}}]},"7":{"loc":{"start":{"line":98,"column":9},"end":{"line":101,"column":3}},"type":"if","locations":[{"start":{"line":98,"column":9},"end":{"line":101,"column":3}},{"start":{},"end":{}}]},"8":{"loc":{"start":{"line":98,"column":13},"end":{"line":98,"column":49}},"type":"binary-expr","locations":[{"start":{"line":98,"column":13},"end":{"line":98,"column":36}},{"start":{"line":98,"column":40},"end":{"line":98,"column":49}}]},"9":{"loc":{"start":{"line":122,"column":17},"end":{"line":122,"column":56}},"type":"binary-expr","locations":[{"start":{"line":122,"column":17},"end":{"line":122,"column":26}},{"start":{"line":122,"column":30},"end":{"line":122,"column":56}}]},"10":{"loc":{"start":{"line":126,"column":2},"end":{"line":131,"column":3}},"type":"if","locations":[{"start":{"line":126,"column":2},"end":{"line":131,"column":3}},{"start":{"line":128,"column":9},"end":{"line":131,"column":3}}]},"11":{"loc":{"start":{"line":128,"column":9},"end":{"line":131,"column":3}},"type":"if","locations":[{"start":{"line":128,"column":9},"end":{"line":131,"column":3}},{"start":{},"end":{}}]},"12":{"loc":{"start":{"line":128,"column":13},"end":{"line":128,"column":49}},"type":"binary-expr","locations":[{"start":{"line":128,"column":13},"end":{"line":128,"column":36}},{"start":{"line":128,"column":40},"end":{"line":128,"column":49}}]}},"s":{"0":1,"1":1,"2":1,"3":1,"4":1,"5":1,"6":1,"7":1,"8":1,"9":1,"10":1,"11":1,"12":1,"13":1,"14":0,"15":3,"16":3,"17":3,"18":3,"19":3,"20":0,"21":3,"22":0,"23":3,"24":1,"25":3,"26":3,"27":3,"28":3,"29":3,"30":3,"31":3,"32":3,"33":3,"34":3,"35":3,"36":3,"37":3,"38":3,"39":60,"40":3,"41":3,"42":3,"43":2,"44":2,"45":2,"46":2,"47":1,"48":1,"49":0,"50":2,"51":1,"52":2,"53":2,"54":2,"55":1,"56":1,"57":0,"58":2},"f":{"0":1,"1":3,"2":3,"3":3,"4":0,"5":1,"6":3,"7":2,"8":1,"9":2},"b":{"0":[1],"1":[0,0],"2":[3,0],"3":[3,0],"4":[3,0],"5":[2,0],"6":[1,1],"7":[0,1],"8":[1,0],"9":[2,0],"10":[1,1],"11":[0,1],"12":[1,0]}}
,"/Users/huangchao/Work/GitHub/file-opt/src/image/index.ts": {"path":"/Users/huangchao/Work/GitHub/file-opt/src/image/index.ts","statementMap":{"0":{"start":{"line":13,"column":0},"end":{"line":13,"column":16}},"1":{"start":{"line":35,"column":0},"end":{"line":35,"column":16}},"2":{"start":{"line":58,"column":0},"end":{"line":58,"column":16}},"3":{"start":{"line":72,"column":0},"end":{"line":72,"column":16}},"4":{"start":{"line":91,"column":0},"end":{"line":91,"column":16}},"5":{"start":{"line":105,"column":0},"end":{"line":105,"column":16}},"6":{"start":{"line":127,"column":0},"end":{"line":127,"column":22}},"7":{"start":{"line":178,"column":0},"end":{"line":178,"column":22}},"8":{"start":{"line":5,"column":0},"end":{"line":5,"column":102}},"9":{"start":{"line":14,"column":2},"end":{"line":25,"column":5}},"10":{"start":{"line":15,"column":19},"end":{"line":15,"column":35}},"11":{"start":{"line":16,"column":4},"end":{"line":22,"column":6}},"12":{"start":{"line":17,"column":6},"end":{"line":21,"column":7}},"13":{"start":{"line":18,"column":8},"end":{"line":18,"column":31}},"14":{"start":{"line":20,"column":8},"end":{"line":20,"column":47}},"15":{"start":{"line":23,"column":4},"end":{"line":23,"column":63}},"16":{"start":{"line":23,"column":27},"end":{"line":23,"column":63}},"17":{"start":{"line":24,"column":4},"end":{"line":24,"column":31}},"18":{"start":{"line":37,"column":2},"end":{"line":37,"column":null}},"19":{"start":{"line":38,"column":2},"end":{"line":38,"column":null}},"20":{"start":{"line":40,"column":17},"end":{"line":40,"column":49}},"21":{"start":{"line":41,"column":2},"end":{"line":41,"column":51}},"22":{"start":{"line":42,"column":2},"end":{"line":42,"column":54}},"23":{"start":{"line":44,"column":14},"end":{"line":44,"column":37}},"24":{"start":{"line":45,"column":2},"end":{"line":47,"column":3}},"25":{"start":{"line":46,"column":4},"end":{"line":46,"column":40}},"26":{"start":{"line":49,"column":2},"end":{"line":49,"column":29}},"27":{"start":{"line":50,"column":2},"end":{"line":50,"column":54}},"28":{"start":{"line":59,"column":2},"end":{"line":64,"column":5}},"29":{"start":{"line":60,"column":16},"end":{"line":60,"column":27}},"30":{"start":{"line":61,"column":4},"end":{"line":61,"column":36}},"31":{"start":{"line":61,"column":23},"end":{"line":61,"column":36}},"32":{"start":{"line":62,"column":4},"end":{"line":62,"column":58}},"33":{"start":{"line":62,"column":24},"end":{"line":62,"column":58}},"34":{"start":{"line":63,"column":4},"end":{"line":63,"column":22}},"35":{"start":{"line":73,"column":14},"end":{"line":73,"column":32}},"36":{"start":{"line":74,"column":15},"end":{"line":74,"column":59}},"37":{"start":{"line":75,"column":15},"end":{"line":75,"column":27}},"38":{"start":{"line":76,"column":10},"end":{"line":76,"column":21}},"39":{"start":{"line":77,"column":16},"end":{"line":77,"column":33}},"40":{"start":{"line":79,"column":2},"end":{"line":81,"column":3}},"41":{"start":{"line":80,"column":4},"end":{"line":80,"column":34}},"42":{"start":{"line":83,"column":2},"end":{"line":83,"column":43}},"43":{"start":{"line":92,"column":15},"end":{"line":92,"column":37}},"44":{"start":{"line":93,"column":2},"end":{"line":95,"column":3}},"45":{"start":{"line":94,"column":4},"end":{"line":94,"column":40}},"46":{"start":{"line":96,"column":2},"end":{"line":96,"column":14}},"47":{"start":{"line":106,"column":15},"end":{"line":106,"column":37}},"48":{"start":{"line":107,"column":17},"end":{"line":107,"column":56}},"49":{"start":{"line":108,"column":18},"end":{"line":108,"column":52}},"50":{"start":{"line":111,"column":2},"end":{"line":116,"column":3}},"51":{"start":{"line":112,"column":4},"end":{"line":112,"column":49}},"52":{"start":{"line":113,"column":9},"end":{"line":116,"column":3}},"53":{"start":{"line":115,"column":4},"end":{"line":115,"column":42}},"54":{"start":{"line":118,"column":2},"end":{"line":118,"column":56}},"55":{"start":{"line":131,"column":2},"end":{"line":133,"column":3}},"56":{"start":{"line":132,"column":4},"end":{"line":132,"column":35}},"57":{"start":{"line":135,"column":10},"end":{"line":135,"column":36}},"58":{"start":{"line":136,"column":8},"end":{"line":136,"column":52}},"59":{"start":{"line":138,"column":2},"end":{"line":140,"column":3}},"60":{"start":{"line":139,"column":4},"end":{"line":139,"column":43}},"61":{"start":{"line":143,"column":14},"end":{"line":143,"column":null}},"62":{"start":{"line":143,"column":8},"end":{"line":143,"column":null}},"63":{"start":{"line":146,"column":8},"end":{"line":146,"column":50}},"64":{"start":{"line":147,"column":2},"end":{"line":147,"column":34}},"65":{"start":{"line":148,"column":2},"end":{"line":148,"column":36}},"66":{"start":{"line":150,"column":8},"end":{"line":150,"column":38}},"67":{"start":{"line":151,"column":2},"end":{"line":153,"column":3}},"68":{"start":{"line":152,"column":4},"end":{"line":152,"column":40}},"69":{"start":{"line":155,"column":2},"end":{"line":155,"column":27}},"70":{"start":{"line":158,"column":8},"end":{"line":158,"column":54}},"71":{"start":{"line":161,"column":6},"end":{"line":161,"column":35}},"72":{"start":{"line":162,"column":8},"end":{"line":162,"column":48}},"73":{"start":{"line":163,"column":2},"end":{"line":165,"column":3}},"74":{"start":{"line":164,"column":4},"end":{"line":164,"column":53}},"75":{"start":{"line":166,"column":2},"end":{"line":166,"column":43}},"76":{"start":{"line":169,"column":2},"end":{"line":169,"column":45}},"77":{"start":{"line":180,"column":2},"end":{"line":180,"column":null}},"78":{"start":{"line":182,"column":2},"end":{"line":184,"column":3}},"79":{"start":{"line":183,"column":4},"end":{"line":183,"column":35}},"80":{"start":{"line":187,"column":4},"end":{"line":190,"column":null}},"81":{"start":{"line":194,"column":6},"end":{"line":194,"column":38}},"82":{"start":{"line":195,"column":2},"end":{"line":197,"column":3}},"83":{"start":{"line":196,"column":4},"end":{"line":196,"column":72}},"84":{"start":{"line":200,"column":14},"end":{"line":200,"column":null}},"85":{"start":{"line":200,"column":8},"end":{"line":200,"column":null}},"86":{"start":{"line":203,"column":6},"end":{"line":203,"column":31}},"87":{"start":{"line":204,"column":6},"end":{"line":204,"column":33}},"88":{"start":{"line":206,"column":2},"end":{"line":209,"column":3}},"89":{"start":{"line":207,"column":4},"end":{"line":207,"column":41}},"90":{"start":{"line":208,"column":4},"end":{"line":208,"column":21}},"91":{"start":{"line":211,"column":2},"end":{"line":214,"column":3}},"92":{"start":{"line":212,"column":4},"end":{"line":212,"column":41}},"93":{"start":{"line":213,"column":4},"end":{"line":213,"column":23}},"94":{"start":{"line":217,"column":8},"end":{"line":217,"column":50}},"95":{"start":{"line":218,"column":2},"end":{"line":218,"column":23}},"96":{"start":{"line":219,"column":2},"end":{"line":219,"column":25}},"97":{"start":{"line":221,"column":8},"end":{"line":221,"column":38}},"98":{"start":{"line":222,"column":2},"end":{"line":224,"column":3}},"99":{"start":{"line":223,"column":4},"end":{"line":223,"column":40}},"100":{"start":{"line":226,"column":2},"end":{"line":226,"column":42}},"101":{"start":{"line":229,"column":8},"end":{"line":229,"column":60}},"102":{"start":{"line":232,"column":6},"end":{"line":232,"column":35}},"103":{"start":{"line":233,"column":2},"end":{"line":239,"column":3}},"104":{"start":{"line":234,"column":10},"end":{"line":234,"column":50}},"105":{"start":{"line":235,"column":4},"end":{"line":237,"column":5}},"106":{"start":{"line":236,"column":6},"end":{"line":236,"column":55}},"107":{"start":{"line":238,"column":4},"end":{"line":238,"column":45}},"108":{"start":{"line":242,"column":2},"end":{"line":242,"column":45}},"109":{"start":{"line":251,"column":18},"end":{"line":251,"column":null}},"110":{"start":{"line":251,"column":8},"end":{"line":251,"column":null}},"111":{"start":{"line":252,"column":9},"end":{"line":252,"column":39}},"112":{"start":{"line":252,"column":2},"end":{"line":252,"column":39}}},"fnMap":{"0":{"name":"blobToDataURL","decl":{"start":{"line":13,"column":16},"end":{"line":13,"column":29}},"loc":{"start":{"line":13,"column":40},"end":{"line":26,"column":1}}},"1":{"name":"(anonymous_14)","decl":{"start":{"line":14,"column":21},"end":{"line":14,"column":22}},"loc":{"start":{"line":14,"column":37},"end":{"line":25,"column":3}}},"2":{"name":"(anonymous_15)","decl":{"start":{"line":16,"column":20},"end":{"line":16,"column":null}},"loc":{"start":{"line":16,"column":20},"end":{"line":22,"column":5}}},"3":{"name":"(anonymous_16)","decl":{"start":{"line":23,"column":21},"end":{"line":23,"column":27}},"loc":{"start":{"line":23,"column":21},"end":{"line":23,"column":33}}},"4":{"name":"imageToDataURL","decl":{"start":{"line":35,"column":16},"end":{"line":35,"column":30}},"loc":{"start":{"line":38,"column":23},"end":{"line":51,"column":1}}},"5":{"name":"dataURLToImage","decl":{"start":{"line":58,"column":16},"end":{"line":58,"column":30}},"loc":{"start":{"line":58,"column":46},"end":{"line":65,"column":1}}},"6":{"name":"(anonymous_19)","decl":{"start":{"line":59,"column":21},"end":{"line":59,"column":22}},"loc":{"start":{"line":59,"column":37},"end":{"line":64,"column":3}}},"7":{"name":"(anonymous_20)","decl":{"start":{"line":61,"column":17},"end":{"line":61,"column":23}},"loc":{"start":{"line":61,"column":17},"end":{"line":61,"column":30}}},"8":{"name":"(anonymous_21)","decl":{"start":{"line":62,"column":18},"end":{"line":62,"column":24}},"loc":{"start":{"line":62,"column":18},"end":{"line":62,"column":30}}},"9":{"name":"dataURLtoBlob","decl":{"start":{"line":72,"column":16},"end":{"line":72,"column":29}},"loc":{"start":{"line":72,"column":45},"end":{"line":84,"column":1}}},"10":{"name":"dataURLtoImgBlob","decl":{"start":{"line":91,"column":16},"end":{"line":91,"column":32}},"loc":{"start":{"line":91,"column":48},"end":{"line":97,"column":1}}},"11":{"name":"dataURLtoFile","decl":{"start":{"line":105,"column":16},"end":{"line":105,"column":29}},"loc":{"start":{"line":105,"column":64},"end":{"line":119,"column":1}}},"12":{"name":"imgConvert","decl":{"start":{"line":127,"column":22},"end":{"line":127,"column":32}},"loc":{"start":{"line":129,"column":30},"end":{"line":170,"column":null}}},"13":{"name":"imgCompress","decl":{"start":{"line":178,"column":22},"end":{"line":178,"column":33}},"loc":{"start":{"line":178,"column":33},"end":{"line":243,"column":null}}},"14":{"name":"createImageFromFile","decl":{"start":{"line":250,"column":15},"end":{"line":250,"column":34}},"loc":{"start":{"line":250,"column":45},"end":{"line":253,"column":null}}}},"branchMap":{"0":{"loc":{"start":{"line":17,"column":6},"end":{"line":21,"column":7}},"type":"if","locations":[{"start":{"line":17,"column":6},"end":{"line":21,"column":7}},{"start":{"line":19,"column":13},"end":{"line":21,"column":7}}]},"1":{"loc":{"start":{"line":37,"column":2},"end":{"line":37,"column":null}},"type":"if","locations":[{"start":{"line":37,"column":2},"end":{"line":37,"column":null}},{"start":{},"end":{}}]},"2":{"loc":{"start":{"line":38,"column":2},"end":{"line":38,"column":null}},"type":"if","locations":[{"start":{"line":38,"column":2},"end":{"line":38,"column":null}},{"start":{},"end":{}}]},"3":{"loc":{"start":{"line":41,"column":17},"end":{"line":41,"column":50}},"type":"binary-expr","locations":[{"start":{"line":41,"column":17},"end":{"line":41,"column":35}},{"start":{"line":41,"column":39},"end":{"line":41,"column":50}}]},"4":{"loc":{"start":{"line":42,"column":18},"end":{"line":42,"column":53}},"type":"binary-expr","locations":[{"start":{"line":42,"column":18},"end":{"line":42,"column":37}},{"start":{"line":42,"column":41},"end":{"line":42,"column":53}}]},"5":{"loc":{"start":{"line":45,"column":2},"end":{"line":47,"column":3}},"type":"if","locations":[{"start":{"line":45,"column":2},"end":{"line":47,"column":3}},{"start":{},"end":{}}]},"6":{"loc":{"start":{"line":74,"column":15},"end":{"line":74,"column":59}},"type":"binary-expr","locations":[{"start":{"line":74,"column":15},"end":{"line":74,"column":43}},{"start":{"line":74,"column":47},"end":{"line":74,"column":59}}]},"7":{"loc":{"start":{"line":74,"column":15},"end":{"line":74,"column":43}},"type":"cond-expr","locations":[{"start":{"line":74,"column":38},"end":{"line":74,"column":41}},{"start":{"line":74,"column":38},"end":{"line":74,"column":43}}]},"8":{"loc":{"start":{"line":74,"column":15},"end":{"line":74,"column":41}},"type":"binary-expr","locations":[{"start":{"line":74,"column":15},"end":{"line":74,"column":41}},{"start":{"line":74,"column":38},"end":{"line":74,"column":41}}]},"9":{"loc":{"start":{"line":93,"column":2},"end":{"line":95,"column":3}},"type":"if","locations":[{"start":{"line":93,"column":2},"end":{"line":95,"column":3}},{"start":{},"end":{}}]},"10":{"loc":{"start":{"line":107,"column":17},"end":{"line":107,"column":56}},"type":"binary-expr","locations":[{"start":{"line":107,"column":17},"end":{"line":107,"column":26}},{"start":{"line":107,"column":30},"end":{"line":107,"column":56}}]},"11":{"loc":{"start":{"line":111,"column":2},"end":{"line":116,"column":3}},"type":"if","locations":[{"start":{"line":111,"column":2},"end":{"line":116,"column":3}},{"start":{"line":113,"column":9},"end":{"line":116,"column":3}}]},"12":{"loc":{"start":{"line":113,"column":9},"end":{"line":116,"column":3}},"type":"if","locations":[{"start":{"line":113,"column":9},"end":{"line":116,"column":3}},{"start":{},"end":{}}]},"13":{"loc":{"start":{"line":113,"column":13},"end":{"line":113,"column":49}},"type":"binary-expr","locations":[{"start":{"line":113,"column":13},"end":{"line":113,"column":36}},{"start":{"line":113,"column":40},"end":{"line":113,"column":49}}]},"14":{"loc":{"start":{"line":131,"column":2},"end":{"line":133,"column":3}},"type":"if","locations":[{"start":{"line":131,"column":2},"end":{"line":133,"column":3}},{"start":{},"end":{}}]},"15":{"loc":{"start":{"line":135,"column":25},"end":{"line":135,"column":36}},"type":"cond-expr","locations":[{"start":{"line":135,"column":28},"end":{"line":135,"column":31}},{"start":{"line":135,"column":31},"end":{"line":135,"column":36}}]},"16":{"loc":{"start":{"line":138,"column":2},"end":{"line":140,"column":3}},"type":"if","locations":[{"start":{"line":138,"column":2},"end":{"line":140,"column":3}},{"start":{},"end":{}}]},"17":{"loc":{"start":{"line":151,"column":2},"end":{"line":153,"column":3}},"type":"if","locations":[{"start":{"line":151,"column":2},"end":{"line":153,"column":3}},{"start":{},"end":{}}]},"18":{"loc":{"start":{"line":163,"column":2},"end":{"line":165,"column":3}},"type":"if","locations":[{"start":{"line":163,"column":2},"end":{"line":165,"column":3}},{"start":{},"end":{}}]},"19":{"loc":{"start":{"line":180,"column":2},"end":{"line":180,"column":null}},"type":"if","locations":[{"start":{"line":180,"column":2},"end":{"line":180,"column":null}},{"start":{},"end":{}}]},"20":{"loc":{"start":{"line":182,"column":2},"end":{"line":184,"column":3}},"type":"if","locations":[{"start":{"line":182,"column":2},"end":{"line":184,"column":3}},{"start":{},"end":{}}]},"21":{"loc":{"start":{"line":187,"column":11},"end":{"line":187,"column":null}},"type":"cond-expr","locations":[{"start":{"line":187,"column":14},"end":{"line":187,"column":17}},{"start":{"line":187,"column":17},"end":{"line":187,"column":null}}]},"22":{"loc":{"start":{"line":195,"column":2},"end":{"line":197,"column":3}},"type":"if","locations":[{"start":{"line":195,"column":2},"end":{"line":197,"column":3}},{"start":{},"end":{}}]},"23":{"loc":{"start":{"line":196,"column":21},"end":{"line":196,"column":71}},"type":"binary-expr","locations":[{"start":{"line":196,"column":21},"end":{"line":196,"column":53}},{"start":{"line":196,"column":57},"end":{"line":196,"column":71}}]},"24":{"loc":{"start":{"line":206,"column":2},"end":{"line":209,"column":3}},"type":"if","locations":[{"start":{"line":206,"column":2},"end":{"line":209,"column":3}},{"start":{},"end":{}}]},"25":{"loc":{"start":{"line":206,"column":6},"end":{"line":206,"column":34}},"type":"binary-expr","locations":[{"start":{"line":206,"column":6},"end":{"line":206,"column":14}},{"start":{"line":206,"column":18},"end":{"line":206,"column":34}}]},"26":{"loc":{"start":{"line":211,"column":2},"end":{"line":214,"column":3}},"type":"if","locations":[{"start":{"line":211,"column":2},"end":{"line":214,"column":3}},{"start":{},"end":{}}]},"27":{"loc":{"start":{"line":211,"column":6},"end":{"line":211,"column":37}},"type":"binary-expr","locations":[{"start":{"line":211,"column":6},"end":{"line":211,"column":15}},{"start":{"line":211,"column":19},"end":{"line":211,"column":37}}]},"28":{"loc":{"start":{"line":222,"column":2},"end":{"line":224,"column":3}},"type":"if","locations":[{"start":{"line":222,"column":2},"end":{"line":224,"column":3}},{"start":{},"end":{}}]},"29":{"loc":{"start":{"line":233,"column":2},"end":{"line":239,"column":3}},"type":"if","locations":[{"start":{"line":233,"column":2},"end":{"line":239,"column":3}},{"start":{},"end":{}}]},"30":{"loc":{"start":{"line":235,"column":4},"end":{"line":237,"column":5}},"type":"if","locations":[{"start":{"line":235,"column":4},"end":{"line":237,"column":5}},{"start":{},"end":{}}]},"31":{"loc":{"start":{"line":251,"column":18},"end":{"line":251,"column":null}},"type":"switch","locations":[{"start":{"line":251,"column":18},"end":{"line":251,"column":null}},{"start":{"line":252,"column":2},"end":{"line":252,"column":39}}]}},"s":{"0":1,"1":1,"2":1,"3":1,"4":1,"5":1,"6":1,"7":1,"8":1,"9":4,"10":4,"11":4,"12":4,"13":4,"14":0,"15":4,"16":0,"17":4,"18":1,"19":1,"20":1,"21":1,"22":1,"23":1,"24":1,"25":0,"26":1,"27":1,"28":4,"29":4,"30":4,"31":4,"32":4,"33":0,"34":4,"35":8,"36":8,"37":8,"38":8,"39":8,"40":8,"41":160,"42":8,"43":2,"44":2,"45":1,"46":1,"47":5,"48":5,"49":5,"50":5,"51":1,"52":4,"53":0,"54":5,"55":3,"56":1,"57":2,"58":2,"59":2,"60":1,"61":1,"62":1,"63":1,"64":1,"65":1,"66":1,"67":1,"68":0,"69":1,"70":1,"71":1,"72":1,"73":1,"74":1,"75":1,"76":1,"77":4,"78":3,"79":1,"80":2,"81":2,"82":2,"83":1,"84":2,"85":2,"86":2,"87":2,"88":2,"89":0,"90":0,"91":2,"92":0,"93":0,"94":2,"95":2,"96":2,"97":2,"98":2,"99":0,"100":2,"101":2,"102":2,"103":2,"104":1,"105":1,"106":1,"107":1,"108":2,"109":3,"110":3,"111":3,"112":3},"f":{"0":4,"1":4,"2":4,"3":0,"4":1,"5":4,"6":4,"7":4,"8":0,"9":8,"10":2,"11":5,"12":3,"13":3,"14":3},"b":{"0":[4,0],"1":[0,1],"2":[0,1],"3":[1,0],"4":[1,0],"5":[0,1],"6":[8,0],"7":[0,8],"8":[8,8],"9":[1,1],"10":[5,0],"11":[1,4],"12":[0,4],"13":[4,0],"14":[1,2],"15":[2,0],"16":[1,1],"17":[0,1],"18":[1,0],"19":[1,2],"20":[1,2],"21":[0,2],"22":[1,1],"23":[1,0],"24":[0,2],"25":[2,1],"26":[0,2],"27":[2,1],"28":[0,2],"29":[1,1],"30":[1,0],"31":[3,3]}}
,"/Users/huangchao/Work/GitHub/file-opt/src/utils/index.ts": {"path":"/Users/huangchao/Work/GitHub/file-opt/src/utils/index.ts","statementMap":{"0":{"start":{"line":11,"column":0},"end":{"line":11,"column":16}},"1":{"start":{"line":30,"column":0},"end":{"line":30,"column":16}},"2":{"start":{"line":39,"column":0},"end":{"line":39,"column":16}},"3":{"start":{"line":48,"column":0},"end":{"line":48,"column":16}},"4":{"start":{"line":59,"column":0},"end":{"line":59,"column":16}},"5":{"start":{"line":89,"column":0},"end":{"line":89,"column":16}},"6":{"start":{"line":118,"column":0},"end":{"line":118,"column":16}},"7":{"start":{"line":150,"column":0},"end":{"line":150,"column":16}},"8":{"start":{"line":161,"column":0},"end":{"line":161,"column":16}},"9":{"start":{"line":172,"column":0},"end":{"line":172,"column":16}},"10":{"start":{"line":181,"column":0},"end":{"line":181,"column":16}},"11":{"start":{"line":12,"column":2},"end":{"line":12,"column":52}},"12":{"start":{"line":12,"column":39},"end":{"line":12,"column":52}},"13":{"start":{"line":14,"column":2},"end":{"line":16,"column":3}},"14":{"start":{"line":15,"column":4},"end":{"line":15,"column":40}},"15":{"start":{"line":18,"column":2},"end":{"line":22,"column":3}},"16":{"start":{"line":19,"column":4},"end":{"line":19,"column":35}},"17":{"start":{"line":21,"column":4},"end":{"line":21,"column":17}},"18":{"start":{"line":31,"column":2},"end":{"line":31,"column":29}},"19":{"start":{"line":40,"column":2},"end":{"line":40,"column":29}},"20":{"start":{"line":49,"column":2},"end":{"line":49,"column":27}},"21":{"start":{"line":49,"column":17},"end":{"line":49,"column":27}},"22":{"start":{"line":50,"column":16},"end":{"line":50,"column":35}},"23":{"start":{"line":51,"column":2},"end":{"line":51,"column":66}},"24":{"start":{"line":60,"column":42},"end":{"line":79,"column":4}},"25":{"start":{"line":81,"column":2},"end":{"line":81,"column":33}},"26":{"start":{"line":90,"column":41},"end":{"line":108,"column":4}},"27":{"start":{"line":110,"column":2},"end":{"line":110,"column":71}},"28":{"start":{"line":119,"column":17},"end":{"line":119,"column":19}},"29":{"start":{"line":120,"column":18},"end":{"line":120,"column":20}},"30":{"start":{"line":122,"column":2},"end":{"line":130,"column":3}},"31":{"start":{"line":124,"column":4},"end":{"line":124,"column":39}},"32":{"start":{"line":125,"column":4},"end":{"line":125,"column":51}},"33":{"start":{"line":128,"column":4},"end":{"line":128,"column":31}},"34":{"start":{"line":129,"column":4},"end":{"line":129,"column":93}},"35":{"start":{"line":132,"column":18},"end":{"line":132,"column":47}},"36":{"start":{"line":133,"column":18},"end":{"line":133,"column":47}},"37":{"start":{"line":134,"column":18},"end":{"line":134,"column":47}},"38":{"start":{"line":136,"column":2},"end":{"line":142,"column":4}},"39":{"start":{"line":150,"column":39},"end":{"line":150,"column":null}},"40":{"start":{"line":151,"column":20},"end":{"line":151,"column":40}},"41":{"start":{"line":152,"column":17},"end":{"line":152,"column":50}},"42":{"start":{"line":153,"column":2},"end":{"line":153,"column":74}},"43":{"start":{"line":162,"column":16},"end":{"line":162,"column":42}},"44":{"start":{"line":163,"column":18},"end":{"line":163,"column":38}},"45":{"start":{"line":164,"column":2},"end":{"line":164,"column":57}},"46":{"start":{"line":173,"column":2},"end":{"line":173,"column":37}},"47":{"start":{"line":182,"column":2},"end":{"line":182,"column":57}},"48":{"start":{"line":182,"column":32},"end":{"line":182,"column":56}}},"fnMap":{"0":{"name":"isBase64","decl":{"start":{"line":11,"column":16},"end":{"line":11,"column":24}},"loc":{"start":{"line":11,"column":36},"end":{"line":23,"column":1}}},"1":{"name":"isBlob","decl":{"start":{"line":30,"column":16},"end":{"line":30,"column":22}},"loc":{"start":{"line":30,"column":31},"end":{"line":32,"column":1}}},"2":{"name":"isFile","decl":{"start":{"line":39,"column":16},"end":{"line":39,"column":22}},"loc":{"start":{"line":39,"column":31},"end":{"line":41,"column":1}}},"3":{"name":"getFileExtension","decl":{"start":{"line":48,"column":16},"end":{"line":48,"column":32}},"loc":{"start":{"line":48,"column":49},"end":{"line":52,"column":1}}},"4":{"name":"getExtensionFromMimeType","decl":{"start":{"line":59,"column":16},"end":{"line":59,"column":40}},"loc":{"start":{"line":59,"column":57},"end":{"line":82,"column":1}}},"5":{"name":"getMimeTypeFromExtension","decl":{"start":{"line":89,"column":16},"end":{"line":89,"column":40}},"loc":{"start":{"line":89,"column":58},"end":{"line":111,"column":1}}},"6":{"name":"checkFileType","decl":{"start":{"line":118,"column":16},"end":{"line":118,"column":29}},"loc":{"start":{"line":118,"column":49},"end":{"line":143,"column":1}}},"7":{"name":"generateRandomFileName","decl":{"start":{"line":150,"column":16},"end":{"line":150,"column":38}},"loc":{"start":{"line":150,"column":61},"end":{"line":154,"column":1}}},"8":{"name":"getMimeTypeFromDataURL","decl":{"start":{"line":161,"column":16},"end":{"line":161,"column":38}},"loc":{"start":{"line":161,"column":54},"end":{"line":165,"column":1}}},"9":{"name":"getBase64FromDataURL","decl":{"start":{"line":172,"column":16},"end":{"line":172,"column":36}},"loc":{"start":{"line":172,"column":52},"end":{"line":174,"column":1}}},"10":{"name":"delay","decl":{"start":{"line":181,"column":16},"end":{"line":181,"column":21}},"loc":{"start":{"line":181,"column":32},"end":{"line":183,"column":1}}},"11":{"name":"(anonymous_11)","decl":{"start":{"line":182,"column":21},"end":{"line":182,"column":28}},"loc":{"start":{"line":182,"column":28},"end":{"line":182,"column":42}}}},"branchMap":{"0":{"loc":{"start":{"line":12,"column":2},"end":{"line":12,"column":52}},"type":"if","locations":[{"start":{"line":12,"column":2},"end":{"line":12,"column":52}},{"start":{},"end":{}}]},"1":{"loc":{"start":{"line":12,"column":6},"end":{"line":12,"column":37}},"type":"binary-expr","locations":[{"start":{"line":12,"column":6},"end":{"line":12,"column":10}},{"start":{"line":12,"column":14},"end":{"line":12,"column":37}}]},"2":{"loc":{"start":{"line":14,"column":2},"end":{"line":16,"column":3}},"type":"if","locations":[{"start":{"line":14,"column":2},"end":{"line":16,"column":3}},{"start":{},"end":{}}]},"3":{"loc":{"start":{"line":49,"column":2},"end":{"line":49,"column":27}},"type":"if","locations":[{"start":{"line":49,"column":2},"end":{"line":49,"column":27}},{"start":{},"end":{}}]},"4":{"loc":{"start":{"line":51,"column":9},"end":{"line":51,"column":65}},"type":"cond-expr","locations":[{"start":{"line":51,"column":28},"end":{"line":51,"column":60}},{"start":{"line":51,"column":63},"end":{"line":51,"column":65}}]},"5":{"loc":{"start":{"line":51,"column":28},"end":{"line":51,"column":60}},"type":"binary-expr","locations":[{"start":{"line":51,"column":28},"end":{"line":51,"column":54}},{"start":{"line":51,"column":58},"end":{"line":51,"column":60}}]},"6":{"loc":{"start":{"line":51,"column":28},"end":{"line":51,"column":54}},"type":"cond-expr","locations":[{"start":{"line":51,"column":39},"end":{"line":51,"column":41}},{"start":{"line":51,"column":39},"end":{"line":51,"column":54}}]},"7":{"loc":{"start":{"line":51,"column":28},"end":{"line":51,"column":41}},"type":"binary-expr","locations":[{"start":{"line":51,"column":28},"end":{"line":51,"column":41}},{"start":{"line":51,"column":39},"end":{"line":51,"column":41}}]},"8":{"loc":{"start":{"line":81,"column":9},"end":{"line":81,"column":32}},"type":"binary-expr","locations":[{"start":{"line":81,"column":9},"end":{"line":81,"column":26}},{"start":{"line":81,"column":30},"end":{"line":81,"column":32}}]},"9":{"loc":{"start":{"line":110,"column":9},"end":{"line":110,"column":70}},"type":"binary-expr","locations":[{"start":{"line":110,"column":9},"end":{"line":110,"column":40}},{"start":{"line":110,"column":44},"end":{"line":110,"column":70}}]},"10":{"loc":{"start":{"line":122,"column":2},"end":{"line":130,"column":3}},"type":"if","locations":[{"start":{"line":122,"column":2},"end":{"line":130,"column":3}},{"start":{"line":126,"column":9},"end":{"line":130,"column":3}}]},"11":{"loc":{"start":{"line":128,"column":15},"end":{"line":128,"column":30}},"type":"binary-expr","locations":[{"start":{"line":128,"column":15},"end":{"line":128,"column":24}},{"start":{"line":128,"column":28},"end":{"line":128,"column":30}}]},"12":{"loc":{"start":{"line":129,"column":16},"end":{"line":129,"column":92}},"type":"cond-expr","locations":[{"start":{"line":129,"column":28},"end":{"line":129,"column":55}},{"start":{"line":129,"column":58},"end":{"line":129,"column":92}}]},"13":{"loc":{"start":{"line":150,"column":39},"end":{"line":150,"column":null}},"type":"if","locations":[{"start":{"line":150,"column":39},"end":{"line":150,"column":null}},{"start":{},"end":{}}]},"14":{"loc":{"start":{"line":153,"column":39},"end":{"line":153,"column":71}},"type":"cond-expr","locations":[{"start":{"line":153,"column":51},"end":{"line":153,"column":66}},{"start":{"line":153,"column":69},"end":{"line":153,"column":71}}]},"15":{"loc":{"start":{"line":164,"column":9},"end":{"line":164,"column":56}},"type":"cond-expr","locations":[{"start":{"line":164,"column":41},"end":{"line":164,"column":51}},{"start":{"line":164,"column":54},"end":{"line":164,"column":56}}]},"16":{"loc":{"start":{"line":164,"column":9},"end":{"line":164,"column":38}},"type":"binary-expr","locations":[{"start":{"line":164,"column":9},"end":{"line":164,"column":16}},{"start":{"line":164,"column":20},"end":{"line":164,"column":38}}]},"17":{"loc":{"start":{"line":173,"column":9},"end":{"line":173,"column":36}},"type":"binary-expr","locations":[{"start":{"line":173,"column":9},"end":{"line":173,"column":30}},{"start":{"line":173,"column":34},"end":{"line":173,"column":36}}]}},"s":{"0":3,"1":3,"2":3,"3":3,"4":3,"5":3,"6":3,"7":3,"8":3,"9":3,"10":3,"11":4,"12":2,"13":2,"14":1,"15":1,"16":1,"17":0,"18":3,"19":3,"20":6,"21":1,"22":5,"23":5,"24":12,"25":12,"26":6,"27":6,"28":2,"29":2,"30":2,"31":1,"32":1,"33":1,"34":1,"35":2,"36":2,"37":2,"38":2,"39":7,"40":6,"41":6,"42":6,"43":6,"44":6,"45":6,"46":2,"47":0,"48":0},"f":{"0":4,"1":3,"2":3,"3":6,"4":12,"5":6,"6":2,"7":6,"8":6,"9":2,"10":0,"11":0},"b":{"0":[2,2],"1":[4,2],"2":[1,1],"3":[1,5],"4":[4,1],"5":[4,0],"6":[0,4],"7":[4,4],"8":[12,1],"9":[6,1],"10":[1,1],"11":[1,0],"12":[1,0],"13":[1,5],"14":[5,1],"15":[5,1],"16":[6,5],"17":[2,1]}}
}
