TN:
SF:src/index.ts
FNF:0
FNH:0
DA:12,0
DA:15,0
DA:18,0
DA:21,0
LF:4
LH:0
BRF:0
BRH:0
end_of_record
TN:
SF:src/file/index.ts
FN:11,urlToBase64
FN:26,blobToBase64
FN:27,(anonymous_17)
FN:29,(anonymous_18)
FN:36,(anonymous_19)
FN:46,fileToBase64
FN:55,base64ToBlob
FN:90,base64ToFile
FN:111,fileToBlob
FN:121,blobToFile
FNF:10
FNH:9
FNDA:1,urlToBase64
FNDA:3,blobToBase64
FNDA:3,(anonymous_17)
FNDA:3,(anonymous_18)
FNDA:0,(anonymous_19)
FNDA:1,fileToBase64
FNDA:3,base64ToBlob
FNDA:2,base64ToFile
FNDA:1,fileToBlob
FNDA:2,blobToFile
DA:4,1
DA:11,1
DA:13,1
DA:14,1
DA:15,1
DA:17,0
DA:26,1
DA:27,3
DA:28,3
DA:29,3
DA:30,3
DA:31,3
DA:33,0
DA:36,3
DA:37,3
DA:46,1
DA:47,1
DA:55,1
DA:57,3
DA:58,3
DA:60,3
DA:61,3
DA:62,3
DA:63,3
DA:66,3
DA:67,3
DA:69,3
DA:70,3
DA:72,3
DA:73,3
DA:74,60
DA:77,3
DA:78,3
DA:81,3
DA:90,1
DA:91,2
DA:92,2
DA:93,2
DA:96,2
DA:97,1
DA:98,1
DA:100,0
DA:103,2
DA:111,1
DA:112,1
DA:121,1
DA:122,2
DA:123,2
DA:126,2
DA:127,1
DA:128,1
DA:130,0
DA:133,2
LF:53
LH:49
BRDA:15,0,0,1
BRDA:17,1,0,0
BRDA:17,1,1,0
BRDA:30,2,0,3
BRDA:30,2,1,0
BRDA:60,3,0,3
BRDA:60,3,1,0
BRDA:61,4,0,3
BRDA:61,4,1,0
BRDA:92,5,0,2
BRDA:92,5,1,0
BRDA:96,6,0,1
BRDA:96,6,1,1
BRDA:98,7,0,0
BRDA:98,7,1,1
BRDA:98,8,0,1
BRDA:98,8,1,0
BRDA:122,9,0,2
BRDA:122,9,1,0
BRDA:126,10,0,1
BRDA:126,10,1,1
BRDA:128,11,0,0
BRDA:128,11,1,1
BRDA:128,12,0,1
BRDA:128,12,1,0
BRF:25
BRH:14
end_of_record
TN:
SF:src/image/index.ts
FN:13,blobToDataURL
FN:14,(anonymous_14)
FN:16,(anonymous_15)
FN:23,(anonymous_16)
FN:35,imageToDataURL
FN:58,dataURLToImage
FN:59,(anonymous_19)
FN:61,(anonymous_20)
FN:62,(anonymous_21)
FN:72,dataURLtoBlob
FN:91,dataURLtoImgBlob
FN:105,dataURLtoFile
FN:127,imgConvert
FN:178,imgCompress
FN:250,createImageFromFile
FNF:15
FNH:13
FNDA:4,blobToDataURL
FNDA:4,(anonymous_14)
FNDA:4,(anonymous_15)
FNDA:0,(anonymous_16)
FNDA:1,imageToDataURL
FNDA:4,dataURLToImage
FNDA:4,(anonymous_19)
FNDA:4,(anonymous_20)
FNDA:0,(anonymous_21)
FNDA:8,dataURLtoBlob
FNDA:2,dataURLtoImgBlob
FNDA:5,dataURLtoFile
FNDA:3,imgConvert
FNDA:3,imgCompress
FNDA:3,createImageFromFile
DA:5,1
DA:13,1
DA:14,4
DA:15,4
DA:16,4
DA:17,4
DA:18,4
DA:20,0
DA:23,4
DA:24,4
DA:35,1
DA:37,1
DA:38,1
DA:40,1
DA:41,1
DA:42,1
DA:44,1
DA:45,1
DA:46,0
DA:49,1
DA:50,1
DA:58,1
DA:59,4
DA:60,4
DA:61,4
DA:62,4
DA:63,4
DA:72,1
DA:73,8
DA:74,8
DA:75,8
DA:76,8
DA:77,8
DA:79,8
DA:80,160
DA:83,8
DA:91,1
DA:92,2
DA:93,2
DA:94,1
DA:96,1
DA:105,1
DA:106,5
DA:107,5
DA:108,5
DA:111,5
DA:112,1
DA:113,4
DA:115,0
DA:118,5
DA:127,1
DA:131,3
DA:132,1
DA:135,2
DA:136,2
DA:138,2
DA:139,1
DA:143,1
DA:146,1
DA:147,1
DA:148,1
DA:150,1
DA:151,1
DA:152,0
DA:155,1
DA:158,1
DA:161,1
DA:162,1
DA:163,1
DA:164,1
DA:166,1
DA:169,1
DA:178,1
DA:180,4
DA:182,3
DA:183,1
DA:187,2
DA:194,2
DA:195,2
DA:196,1
DA:200,2
DA:203,2
DA:204,2
DA:206,2
DA:207,0
DA:208,0
DA:211,2
DA:212,0
DA:213,0
DA:217,2
DA:218,2
DA:219,2
DA:221,2
DA:222,2
DA:223,0
DA:226,2
DA:229,2
DA:232,2
DA:233,2
DA:234,1
DA:235,1
DA:236,1
DA:238,1
DA:242,2
DA:251,3
DA:252,3
LF:106
LH:97
BRDA:17,0,0,4
BRDA:17,0,1,0
BRDA:37,1,0,0
BRDA:37,1,1,1
BRDA:38,2,0,0
BRDA:38,2,1,1
BRDA:41,3,0,1
BRDA:41,3,1,0
BRDA:42,4,0,1
BRDA:42,4,1,0
BRDA:45,5,0,0
BRDA:45,5,1,1
BRDA:74,6,0,8
BRDA:74,6,1,0
BRDA:74,7,0,0
BRDA:74,7,1,8
BRDA:74,8,0,8
BRDA:74,8,1,8
BRDA:93,9,0,1
BRDA:93,9,1,1
BRDA:107,10,0,5
BRDA:107,10,1,0
BRDA:111,11,0,1
BRDA:111,11,1,4
BRDA:113,12,0,0
BRDA:113,12,1,4
BRDA:113,13,0,4
BRDA:113,13,1,0
BRDA:131,14,0,1
BRDA:131,14,1,2
BRDA:135,15,0,2
BRDA:135,15,1,0
BRDA:138,16,0,1
BRDA:138,16,1,1
BRDA:151,17,0,0
BRDA:151,17,1,1
BRDA:163,18,0,1
BRDA:163,18,1,0
BRDA:180,19,0,1
BRDA:180,19,1,2
BRDA:182,20,0,1
BRDA:182,20,1,2
BRDA:187,21,0,0
BRDA:187,21,1,2
BRDA:195,22,0,1
BRDA:195,22,1,1
BRDA:196,23,0,1
BRDA:196,23,1,0
BRDA:206,24,0,0
BRDA:206,24,1,2
BRDA:206,25,0,2
BRDA:206,25,1,1
BRDA:211,26,0,0
BRDA:211,26,1,2
BRDA:211,27,0,2
BRDA:211,27,1,1
BRDA:222,28,0,0
BRDA:222,28,1,2
BRDA:233,29,0,1
BRDA:233,29,1,1
BRDA:235,30,0,1
BRDA:235,30,1,0
BRDA:251,31,0,3
BRDA:251,31,1,3
BRF:64
BRH:44
end_of_record
TN:
SF:src/utils/index.ts
FN:11,isBase64
FN:30,isBlob
FN:39,isFile
FN:48,getFileExtension
FN:59,getExtensionFromMimeType
FN:89,getMimeTypeFromExtension
FN:118,checkFileType
FN:150,generateRandomFileName
FN:161,getMimeTypeFromDataURL
FN:172,getBase64FromDataURL
FN:181,delay
FN:182,(anonymous_11)
FNF:12
FNH:10
FNDA:4,isBase64
FNDA:3,isBlob
FNDA:3,isFile
FNDA:6,getFileExtension
FNDA:12,getExtensionFromMimeType
FNDA:6,getMimeTypeFromExtension
FNDA:2,checkFileType
FNDA:6,generateRandomFileName
FNDA:6,getMimeTypeFromDataURL
FNDA:2,getBase64FromDataURL
FNDA:0,delay
FNDA:0,(anonymous_11)
DA:11,3
DA:12,4
DA:14,2
DA:15,1
DA:18,1
DA:19,1
DA:21,0
DA:30,3
DA:31,3
DA:39,3
DA:40,3
DA:48,3
DA:49,6
DA:50,5
DA:51,5
DA:59,3
DA:60,12
DA:81,12
DA:89,3
DA:90,6
DA:110,6
DA:118,3
DA:119,2
DA:120,2
DA:122,2
DA:124,1
DA:125,1
DA:128,1
DA:129,1
DA:132,2
DA:133,2
DA:134,2
DA:136,2
DA:150,7
DA:151,6
DA:152,6
DA:153,6
DA:161,3
DA:162,6
DA:163,6
DA:164,6
DA:172,3
DA:173,2
DA:181,3
DA:182,0
LF:45
LH:43
BRDA:12,0,0,2
BRDA:12,0,1,2
BRDA:12,1,0,4
BRDA:12,1,1,2
BRDA:14,2,0,1
BRDA:14,2,1,1
BRDA:49,3,0,1
BRDA:49,3,1,5
BRDA:51,4,0,4
BRDA:51,4,1,1
BRDA:51,5,0,4
BRDA:51,5,1,0
BRDA:51,6,0,0
BRDA:51,6,1,4
BRDA:51,7,0,4
BRDA:51,7,1,4
BRDA:81,8,0,12
BRDA:81,8,1,1
BRDA:110,9,0,6
BRDA:110,9,1,1
BRDA:122,10,0,1
BRDA:122,10,1,1
BRDA:128,11,0,1
BRDA:128,11,1,0
BRDA:129,12,0,1
BRDA:129,12,1,0
BRDA:150,13,0,1
BRDA:150,13,1,5
BRDA:153,14,0,5
BRDA:153,14,1,1
BRDA:164,15,0,5
BRDA:164,15,1,1
BRDA:164,16,0,6
BRDA:164,16,1,5
BRDA:173,17,0,2
BRDA:173,17,1,1
BRF:36
BRH:32
end_of_record
